<?xml version="1.0" encoding="UTF-8"?>
<testng-results ignored="0" total="1" passed="1" failed="0" skipped="0">
  <reporter-output>
  </reporter-output>
  <suite started-at="2023-12-13T12:24:37 IST" name="Default suite" finished-at="2023-12-13T12:24:55 IST" duration-ms="17740">
    <groups>
    </groups>
    <test started-at="2023-12-13T12:24:37 IST" name="Default test" finished-at="2023-12-13T12:24:55 IST" duration-ms="17740">
      <class name="Navigate.OpenMRSTest">
        <test-method is-config="true" signature="setUp()[pri:0, instance:Navigate.OpenMRSTest@71075444]" started-at="2023-12-13T12:24:37 IST" name="setUp" finished-at="2023-12-13T12:24:44 IST" duration-ms="7003" status="PASS">
          <reporter-output>
          </reporter-output>
        </test-method> <!-- setUp -->
        <test-method signature="performAppointment()[pri:0, instance:Navigate.OpenMRSTest@71075444]" started-at="2023-12-13T12:24:44 IST" name="performAppointment" finished-at="2023-12-13T12:24:55 IST" duration-ms="10553" status="PASS">
          <reporter-output>
          </reporter-output>
        </test-method> <!-- performAppointment -->
        <test-method is-config="true" signature="tearDown()[pri:0, instance:Navigate.OpenMRSTest@71075444]" started-at="2023-12-13T12:24:55 IST" name="tearDown" finished-at="2023-12-13T12:24:55 IST" duration-ms="134" status="PASS">
          <reporter-output>
          </reporter-output>
        </test-method> <!-- tearDown -->
      </class> <!-- Navigate.OpenMRSTest -->
    </test> <!-- Default test -->
  </suite> <!-- Default suite -->
</testng-results>
